<?xml version="1.0" encoding="UTF-8"?>
<!-- Generated by org.testng.reporters.JUnitReportReporter -->
<testsuite hostname="C02G12ACMD6M.local" failures="0" tests="6" name="api.test.DataDrivenTest" time="8.973" errors="0" timestamp="07 Oct 2024 13:07:15 GMT" skipped="0">
  <testcase classname="api.test.DataDrivenTest" name="testPostUser" time="2.585"/>
  <testcase classname="api.test.DataDrivenTest" name="testPostUser" time="1.300"/>
  <testcase classname="api.test.DataDrivenTest" name="testPostUser" time="1.256"/>
  <testcase classname="api.test.DataDrivenTest" name="testPostUser" time="1.268"/>
  <testcase classname="api.test.DataDrivenTest" name="testPostUser" time="1.313"/>
  <testcase classname="api.test.DataDrivenTest" name="testPostUser" time="1.251"/>
</testsuite> <!-- api.test.DataDrivenTest -->
