<?xml version="1.0" encoding="UTF-8"?>
<!-- Generated by org.testng.reporters.JUnitReportReporter -->
<testsuite hostname="C02G12ACMD6M.local" failures="0" tests="4" name="api.test.UserTest" time="7.877" errors="0" timestamp="07 Oct 2024 13:51:19 GMT" skipped="0">
  <testcase classname="api.test.UserTest" name="testPostUser" time="2.533"/>
  <testcase classname="api.test.UserTest" name="testGetUserData" time="1.373"/>
  <testcase classname="api.test.UserTest" name="testUpsateUserDataByName" time="2.690"/>
  <testcase classname="api.test.UserTest" name="testdeleteUser" time="1.281"/>
</testsuite> <!-- api.test.UserTest -->
