<?xml version="1.0" encoding="UTF-8"?>
<!-- Generated by org.testng.reporters.JUnitReportReporter -->
<testsuite hostname="C02G12ACMD6M.local" failures="0" tests="3" name="api.test.DataDrivenTest" time="7.230" errors="0" timestamp="09 Oct 2024 07:56:04 GMT" skipped="0">
  <testcase classname="api.test.DataDrivenTest" name="testPostUser" time="1.587"/>
  <testcase classname="api.test.DataDrivenTest" name="testPostUser" time="1.829"/>
  <testcase classname="api.test.DataDrivenTest" name="testPostUser" time="3.814"/>
</testsuite> <!-- api.test.DataDrivenTest -->
