<?xml version="1.0" encoding="UTF-8"?>
<!-- Generated by org.testng.reporters.JUnitReportReporter -->
<testsuite hostname="C02G12ACMD6M.local" failures="0" tests="4" name="api.test.UserTest2" time="10.613" errors="0" timestamp="09 Oct 2024 09:20:50 GMT" skipped="0">
  <testcase classname="api.test.UserTest2" name="testPostUser" time="3.386"/>
  <testcase classname="api.test.UserTest2" name="testGetUserData" time="1.468"/>
  <testcase classname="api.test.UserTest2" name="testUpsateUserDataByName" time="2.969"/>
  <testcase classname="api.test.UserTest2" name="testdeleteUser" time="2.790"/>
</testsuite> <!-- api.test.UserTest2 -->
